[2026-02-24T21:52:43.322Z]
[BROKEN] /Users/zacharywright/.openclaw/workspace/zachwright-site/dashboard.html: Internal link '/dashboard.html' not found.
[BROKEN] /Users/zacharywright/.openclaw/workspace/zachwright-site/updates/2026-02-17.html: Internal link '/updates/' not found.
Content: OK

[2026-02-24T21:52:53.321Z]
[BROKEN] /Users/zacharywright/.openclaw/workspace/zachwright-site/dashboard.html: External link '/' failed (Invalid URL).
[BROKEN] /Users/zacharywright/.openclaw/workspace/zachwright-site/dashboard.html: External link '/dashboard.html' failed (Invalid URL).
[BROKEN] /Users/zacharywright/.openclaw/workspace/zachwright-site/dashboard.html: Internal link 'https://openclaw.com' not found (tried /Users/zacharywright/.openclaw/workspace/zachwright-site/https:/openclaw.com).
[BROKEN] /Users/zacharywright/.openclaw/workspace/zachwright-site/index.html: External link 'dashboard.html' failed (Invalid URL).
[BROKEN] /Users/zacharywright/.openclaw/workspace/zachwright-site/index.html: Internal link 'https://cal.com/zachary-wright-l9sdgm/30min' not found (tried /Users/zacharywright/.openclaw/workspace/zachwright-site/https:/cal.com/zachary-wright-l9sdgm/30min).
[BROKEN] /Users/zacharywright/.openclaw/workspace/zachwright-site/index.html: Internal link 'https://cal.com/zachary-wright-l9sdgm/30min' not found (tried /Users/zacharywright/.openclaw/workspace/zachwright-site/https:/cal.com/zachary-wright-l9sdgm/30min).
[BROKEN] /Users/zacharywright/.openclaw/workspace/zachwright-site/index.html: Internal link 'https://github.com/zwright8' not found (tried /Users/zacharywright/.openclaw/workspace/zachwright-site/https:/github.com/zwright8).
[BROKEN] /Users/zacharywright/.openclaw/workspace/zachwright-site/updates/2026-02-17.html: External link '/updates/' failed (Invalid URL).
[BROKEN] /Users/zacharywright/.openclaw/workspace/zachwright-site/updates/2026-02-17.html: Internal link 'https://zachwright.xyz' not found (tried /Users/zacharywright/.openclaw/workspace/zachwright-site/updates/https:/zachwright.xyz).
Content: OK

[2026-02-24T21:53:21.093Z]
Links: OK
Content: OK

[2026-02-24T22:27:38.806Z]
Links: OK
Content: OK

[2026-02-24T22:28:28.547Z]
Links: OK
Content: OK

[2026-02-25T01:00:27.520Z]
Links: OK
Content: OK

[2026-02-25T01:01:05.987Z]
Links: OK
Content: OK

[2026-02-25T13:00:24.297Z]
Links: OK
Content: OK

[2026-02-26T01:00:30.123Z]
[BROKEN] /Users/zacharywright/.openclaw/workspace/zachwright-site/index.html: Internal link 'updates/index.html#newsletter-signup' not found (tried /Users/zacharywright/.openclaw/workspace/zachwright-site/updates/index.html#newsletter-signup).
Content: OK

[2026-02-26T13:01:27.353Z]
[BROKEN] /Users/zacharywright/.openclaw/workspace/zachwright-site/index.html: Internal link 'updates/index.html#newsletter-signup' not found (tried /Users/zacharywright/.openclaw/workspace/zachwright-site/updates/index.html#newsletter-signup).
Content: OK

[2026-02-26T14:02:18.672Z]
[BROKEN] /Users/zacharywright/.openclaw/workspace/zachwright-site/index.html: Internal link 'updates/index.html#newsletter-signup' not found (tried /Users/zacharywright/.openclaw/workspace/zachwright-site/updates/index.html#newsletter-signup).
Content: OK

[2026-02-27T01:00:23.081Z]
[BROKEN] /Users/zacharywright/.openclaw/workspace/zachwright-site/index.html: Internal link 'updates/index.html#newsletter-signup' not found (tried /Users/zacharywright/.openclaw/workspace/zachwright-site/updates/index.html#newsletter-signup).
Content: OK

[2026-02-27T13:00:23.811Z]
Links: OK
Content: OK

